[16:27:14] [main/INFO]: Reloading ResourceManager: Default, bukkit, Trains 1.15 (DATA PACK) - By Gshn28.zip, Trains 1.15 (DATA PACK) - By Gshn28
[16:27:17] [Worker-Main-4/WARN]: Invalid selector component:  
[16:27:17] [Worker-Main-4/WARN]: Invalid selector component:  
[16:27:18] [Worker-Main-6/ERROR]: Couldn't load entity_type tag trains115_gshn28:undead as it is missing following references: minecraft:zombie_pigman (from Trains 1.15 (DATA PACK) - By Gshn28.zip),minecraft:zombie_pigman (from Trains 1.15 (DATA PACK) - By Gshn28)
[16:27:18] [Worker-Main-6/INFO]: Loaded 7 recipes
[16:27:18] [Worker-Main-6/ERROR]: Couldn't parse loot table trains115_gshn28:empty
com.google.gson.JsonSyntaxException: Missing entries
	at net.minecraft.server.v1_16_R3.ChatDeserializer.a(SourceFile:450) ~[server.jar:2991-Spigot-018b9a0-f3f3094]
	at net.minecraft.server.v1_16_R3.LootSelector$b.deserialize(SourceFile:169) ~[server.jar:2991-Spigot-018b9a0-f3f3094]
	at net.minecraft.server.v1_16_R3.LootSelector$b.deserialize(SourceFile:165) ~[server.jar:2991-Spigot-018b9a0-f3f3094]
	at com.google.gson.internal.bind.TreeTypeAdapter.read(TreeTypeAdapter.java:69) ~[server.jar:2991-Spigot-018b9a0-f3f3094]
	at com.google.gson.internal.bind.TypeAdapterRuntimeTypeWrapper.read(TypeAdapterRuntimeTypeWrapper.java:41) ~[server.jar:2991-Spigot-018b9a0-f3f3094]
	at com.google.gson.internal.bind.ArrayTypeAdapter.read(ArrayTypeAdapter.java:72) ~[server.jar:2991-Spigot-018b9a0-f3f3094]
	at com.google.gson.Gson.fromJson(Gson.java:887) ~[server.jar:2991-Spigot-018b9a0-f3f3094]
	at com.google.gson.Gson.fromJson(Gson.java:952) ~[server.jar:2991-Spigot-018b9a0-f3f3094]
	at com.google.gson.internal.bind.TreeTypeAdapter$GsonContextImpl.deserialize(TreeTypeAdapter.java:162) ~[server.jar:2991-Spigot-018b9a0-f3f3094]
	at net.minecraft.server.v1_16_R3.ChatDeserializer.a(SourceFile:440) ~[server.jar:2991-Spigot-018b9a0-f3f3094]
	at net.minecraft.server.v1_16_R3.ChatDeserializer.a(SourceFile:456) ~[server.jar:2991-Spigot-018b9a0-f3f3094]
	at net.minecraft.server.v1_16_R3.LootTable$b.deserialize(LootTable.java:209) ~[server.jar:2991-Spigot-018b9a0-f3f3094]
	at net.minecraft.server.v1_16_R3.LootTable$b.deserialize(LootTable.java:1) ~[server.jar:2991-Spigot-018b9a0-f3f3094]
	at com.google.gson.internal.bind.TreeTypeAdapter.read(TreeTypeAdapter.java:69) ~[server.jar:2991-Spigot-018b9a0-f3f3094]
	at com.google.gson.Gson.fromJson(Gson.java:887) ~[server.jar:2991-Spigot-018b9a0-f3f3094]
	at com.google.gson.Gson.fromJson(Gson.java:952) ~[server.jar:2991-Spigot-018b9a0-f3f3094]
	at com.google.gson.Gson.fromJson(Gson.java:925) ~[server.jar:2991-Spigot-018b9a0-f3f3094]
	at net.minecraft.server.v1_16_R3.LootTableRegistry.lambda$0(LootTableRegistry.java:40) ~[server.jar:2991-Spigot-018b9a0-f3f3094]
	at java.util.HashMap.forEach(Unknown Source) ~[?:1.8.0_281]
	at net.minecraft.server.v1_16_R3.LootTableRegistry.a(LootTableRegistry.java:38) ~[server.jar:2991-Spigot-018b9a0-f3f3094]
	at net.minecraft.server.v1_16_R3.LootTableRegistry.a(LootTableRegistry.java:1) ~[server.jar:2991-Spigot-018b9a0-f3f3094]
	at net.minecraft.server.v1_16_R3.ResourceDataAbstract.a(SourceFile:13) ~[server.jar:2991-Spigot-018b9a0-f3f3094]
	at java.util.concurrent.CompletableFuture.uniAccept(Unknown Source) ~[?:1.8.0_281]
	at java.util.concurrent.CompletableFuture$UniAccept.tryFire(Unknown Source) ~[?:1.8.0_281]
	at java.util.concurrent.CompletableFuture$Completion.run(Unknown Source) ~[?:1.8.0_281]
	at net.minecraft.server.v1_16_R3.Reloadable.a(SourceFile:71) ~[server.jar:2991-Spigot-018b9a0-f3f3094]
	at net.minecraft.server.v1_16_R3.Reloadable.a(SourceFile:70) ~[server.jar:2991-Spigot-018b9a0-f3f3094]
	at java.util.concurrent.CompletableFuture$UniCompletion.claim(Unknown Source) ~[?:1.8.0_281]
	at java.util.concurrent.CompletableFuture.uniAccept(Unknown Source) ~[?:1.8.0_281]
	at java.util.concurrent.CompletableFuture$UniAccept.tryFire(Unknown Source) ~[?:1.8.0_281]
	at java.util.concurrent.CompletableFuture.postComplete(Unknown Source) ~[?:1.8.0_281]
	at java.util.concurrent.CompletableFuture.postFire(Unknown Source) ~[?:1.8.0_281]
	at java.util.concurrent.CompletableFuture$UniAccept.tryFire(Unknown Source) ~[?:1.8.0_281]
	at java.util.concurrent.CompletableFuture$Completion.run(Unknown Source) ~[?:1.8.0_281]
	at net.minecraft.server.v1_16_R3.Reloadable.a(SourceFile:71) ~[server.jar:2991-Spigot-018b9a0-f3f3094]
	at net.minecraft.server.v1_16_R3.Reloadable.a(SourceFile:70) ~[server.jar:2991-Spigot-018b9a0-f3f3094]
	at java.util.concurrent.CompletableFuture$UniCompletion.claim(Unknown Source) ~[?:1.8.0_281]
	at java.util.concurrent.CompletableFuture.uniAccept(Unknown Source) ~[?:1.8.0_281]
	at java.util.concurrent.CompletableFuture$UniAccept.tryFire(Unknown Source) ~[?:1.8.0_281]
	at java.util.concurrent.CompletableFuture.postComplete(Unknown Source) ~[?:1.8.0_281]
	at java.util.concurrent.CompletableFuture.postFire(Unknown Source) ~[?:1.8.0_281]
	at java.util.concurrent.CompletableFuture$UniAccept.tryFire(Unknown Source) ~[?:1.8.0_281]
	at java.util.concurrent.CompletableFuture$Completion.run(Unknown Source) ~[?:1.8.0_281]
	at net.minecraft.server.v1_16_R3.Reloadable.a(SourceFile:71) ~[server.jar:2991-Spigot-018b9a0-f3f3094]
	at net.minecraft.server.v1_16_R3.Reloadable.a(SourceFile:70) ~[server.jar:2991-Spigot-018b9a0-f3f3094]
	at java.util.concurrent.CompletableFuture$UniCompletion.claim(Unknown Source) ~[?:1.8.0_281]
	at java.util.concurrent.CompletableFuture.uniAccept(Unknown Source) ~[?:1.8.0_281]
	at java.util.concurrent.CompletableFuture$UniAccept.tryFire(Unknown Source) ~[?:1.8.0_281]
	at java.util.concurrent.CompletableFuture.postComplete(Unknown Source) ~[?:1.8.0_281]
	at java.util.concurrent.CompletableFuture.postFire(Unknown Source) ~[?:1.8.0_281]
	at java.util.concurrent.CompletableFuture$UniAccept.tryFire(Unknown Source) ~[?:1.8.0_281]
	at java.util.concurrent.CompletableFuture$Completion.run(Unknown Source) ~[?:1.8.0_281]
	at net.minecraft.server.v1_16_R3.Reloadable.a(SourceFile:71) ~[server.jar:2991-Spigot-018b9a0-f3f3094]
	at net.minecraft.server.v1_16_R3.Reloadable.a(SourceFile:70) ~[server.jar:2991-Spigot-018b9a0-f3f3094]
	at java.util.concurrent.CompletableFuture$UniCompletion.claim(Unknown Source) ~[?:1.8.0_281]
	at java.util.concurrent.CompletableFuture.uniAccept(Unknown Source) ~[?:1.8.0_281]
	at java.util.concurrent.CompletableFuture$UniAccept.tryFire(Unknown Source) ~[?:1.8.0_281]
	at java.util.concurrent.CompletableFuture.postComplete(Unknown Source) ~[?:1.8.0_281]
	at java.util.concurrent.CompletableFuture.complete(Unknown Source) ~[?:1.8.0_281]
	at net.minecraft.server.v1_16_R3.Reloadable$1.a(SourceFile:53) ~[server.jar:2991-Spigot-018b9a0-f3f3094]
	at net.minecraft.server.v1_16_R3.Reloadable$1.a(SourceFile:50) ~[server.jar:2991-Spigot-018b9a0-f3f3094]
	at java.util.concurrent.CompletableFuture.uniCompose(Unknown Source) [?:1.8.0_281]
	at java.util.concurrent.CompletableFuture$UniCompose.tryFire(Unknown Source) [?:1.8.0_281]
	at java.util.concurrent.CompletableFuture.postComplete(Unknown Source) [?:1.8.0_281]
	at java.util.concurrent.CompletableFuture$AsyncSupply.run(Unknown Source) [?:1.8.0_281]
	at java.util.concurrent.CompletableFuture$AsyncSupply.exec(Unknown Source) [?:1.8.0_281]
	at java.util.concurrent.ForkJoinTask.doExec(Unknown Source) [?:1.8.0_281]
	at java.util.concurrent.ForkJoinPool$WorkQueue.runTask(Unknown Source) [?:1.8.0_281]
	at java.util.concurrent.ForkJoinPool.runWorker(Unknown Source) [?:1.8.0_281]
	at java.util.concurrent.ForkJoinWorkerThread.run(Unknown Source) [?:1.8.0_281]
[16:27:22] [Server thread/INFO]: Starting minecraft server version 1.16.5
[16:27:22] [Server thread/INFO]: Loading properties
[16:27:24] [Server thread/INFO]: This server is running CraftBukkit version 2991-Spigot-018b9a0-f3f3094 (MC: 1.16.5) (Implementing API version 1.16.5-R0.1-SNAPSHOT)
[16:27:24] [Server thread/INFO]: Debug logging is disabled
[16:27:24] [Server thread/INFO]: Using 4 threads for Netty based IO
[16:27:24] [Server thread/INFO]: Server Ping Player Sample Count: 12
[16:27:24] [Server thread/WARN]: You specified a resource pack without providing a sha1 hash. Pack will be updated on the client only if you change the name of the pack.
[16:27:24] [Server thread/INFO]: Default game type: SURVIVAL
[16:27:24] [Server thread/INFO]: Generating keypair
[16:27:25] [Server thread/INFO]: Starting Minecraft server on *:25565
[16:27:25] [Server thread/INFO]: Using default channel type
[16:27:38] [Server thread/INFO]: [UltimateTools] Loading UltimateTools v1
[16:27:38] [Server thread/INFO]: [Lift] Loading Lift v70
[16:27:38] [Server thread/INFO]: [UltimateStacker] Loading UltimateStacker v2.1.3
[16:27:38] [Server thread/INFO]: [AutoCraft] Loading AutoCraft v2.0
[16:27:38] [Server thread/INFO]: [Vault] Loading Vault v1.7.3-b131
[16:27:38] [Server thread/INFO]: [LaggRemover] Loading LaggRemover v2.0.6
[16:27:38] [Server thread/INFO]: [Multiverse-Core] Loading Multiverse-Core v4.2.2-b812
[16:27:38] [Server thread/INFO]: [ChestShop] Loading ChestShop v3.11 (build 213)
[16:27:38] [Server thread/INFO]: [UltimateClaims] Loading UltimateClaims v1.4.2
[16:27:38] [Server thread/INFO]: [Jobs] Loading Jobs v4.16.3
[16:27:38] [Server thread/INFO]: [VillagerMarket] Loading VillagerMarket v1.8.3
[16:27:38] [Server thread/INFO]: [XConomy] Loading XConomy v2.9.25
[16:27:38] [Server thread/INFO]: [CommandSigns] Loading CommandSigns v2.2.0
[16:27:38] [Server thread/INFO]: [UltimateTimber] Loading UltimateTimber v2.2.3
[16:27:38] [Server thread/INFO]: [Vault] Enabling Vault v1.7.3-b131
[16:27:38] [Server thread/INFO]: [Vault] [Permission] SuperPermissions loaded as backup permission system.
[16:27:38] [Server thread/INFO]: [Vault] Enabled Version 1.7.3-b131
[16:27:38] [Server thread/INFO]: [XConomy] Enabling XConomy v2.9.25
[16:27:39] [Server thread/INFO]: [XConomy] Saving method - SQLite
[16:27:39] [Server thread/INFO]: [XConomy] SQLite successfully connected
[16:27:39] [Server thread/INFO]: [XConomy] XConomy successfully enabled
[16:27:39] [Server thread/INFO]: [XConomy] ===== YiC =====
[16:27:39] [Server thread/WARN]: **** SERVER IS RUNNING IN OFFLINE/INSECURE MODE!
[16:27:39] [Server thread/WARN]: The server will make no attempt to authenticate usernames. Beware.
[16:27:39] [Server thread/WARN]: While this makes the game possible to play without internet access, it also opens up the ability for hackers to connect with any username they choose.
[16:27:39] [Server thread/WARN]: To change this, set "online-mode" to "true" in the server.properties file.
[16:27:39] [Server thread/INFO]: Preparing level "world"
[16:27:39] [Server thread/INFO]: -------- World Settings For [world] --------
[16:27:39] [Server thread/INFO]: Entity Tracking Range: Pl 48 / An 48 / Mo 48 / Mi 32 / Other 64
[16:27:39] [Server thread/INFO]: Item Merge Radius: 2.5
[16:27:39] [Server thread/INFO]: Item Despawn Rate: 6000
[16:27:39] [Server thread/INFO]: View Distance: 10
[16:27:39] [Server thread/INFO]: Allow Zombie Pigmen to spawn from portal blocks: true
[16:27:39] [Server thread/INFO]: Zombie Aggressive Towards Villager: true
[16:27:39] [Server thread/INFO]: Arrow Despawn Rate: 1200 Trident Respawn Rate:1200
[16:27:39] [Server thread/INFO]: Nerfing mobs spawned from spawners: false
[16:27:39] [Server thread/INFO]: Mob Spawn Range: 6
[16:27:39] [Server thread/INFO]: Hopper Transfer: 8 Hopper Check: 1 Hopper Amount: 1
[16:27:39] [Server thread/INFO]: Cactus Growth Modifier: 100%
[16:27:39] [Server thread/INFO]: Cane Growth Modifier: 100%
[16:27:39] [Server thread/INFO]: Melon Growth Modifier: 100%
[16:27:39] [Server thread/INFO]: Mushroom Growth Modifier: 100%
[16:27:39] [Server thread/INFO]: Pumpkin Growth Modifier: 100%
[16:27:39] [Server thread/INFO]: Sapling Growth Modifier: 100%
[16:27:39] [Server thread/INFO]: Beetroot Growth Modifier: 100%
[16:27:39] [Server thread/INFO]: Carrot Growth Modifier: 100%
[16:27:39] [Server thread/INFO]: Potato Growth Modifier: 100%
[16:27:39] [Server thread/INFO]: Wheat Growth Modifier: 100%
[16:27:39] [Server thread/INFO]: NetherWart Growth Modifier: 100%
[16:27:39] [Server thread/INFO]: Vine Growth Modifier: 100%
[16:27:39] [Server thread/INFO]: Cocoa Growth Modifier: 100%
[16:27:39] [Server thread/INFO]: Bamboo Growth Modifier: 100%
[16:27:39] [Server thread/INFO]: SweetBerry Growth Modifier: 100%
[16:27:39] [Server thread/INFO]: Kelp Growth Modifier: 100%
[16:27:39] [Server thread/INFO]: Entity Activation Range: An 32 / Mo 32 / Ra 48 / Mi 16 / Tiv true
[16:27:39] [Server thread/INFO]: Experience Merge Radius: 3.0
[16:27:39] [Server thread/INFO]: Tile Max Tick Time: 50ms Entity max Tick Time: 50ms
[16:27:39] [Server thread/INFO]: Max TNT Explosions: 100
[16:27:39] [Server thread/INFO]: Custom Map Seeds:  Village: 10387312 Desert: 14357617 Igloo: 14357618 Jungle: 14357619 Swamp: 14357620 Monument: 10387313 Ocean: 14357621 Shipwreck: 165745295 End City: 10387313 Slime: 987234911 Bastion: 30084232 Fortress: 30084232 Mansion: 10387319 Fossil: 14357921 Portal: 34222645
[16:27:40] [Server thread/INFO]: -------- World Settings For [world_nether] --------
[16:27:40] [Server thread/INFO]: Entity Tracking Range: Pl 48 / An 48 / Mo 48 / Mi 32 / Other 64
[16:27:40] [Server thread/INFO]: Item Merge Radius: 2.5
[16:27:40] [Server thread/INFO]: Item Despawn Rate: 6000
[16:27:40] [Server thread/INFO]: View Distance: 10
[16:27:40] [Server thread/INFO]: Allow Zombie Pigmen to spawn from portal blocks: true
[16:27:40] [Server thread/INFO]: Zombie Aggressive Towards Villager: true
[16:27:40] [Server thread/INFO]: Arrow Despawn Rate: 1200 Trident Respawn Rate:1200
[16:27:40] [Server thread/INFO]: Nerfing mobs spawned from spawners: false
[16:27:40] [Server thread/INFO]: Mob Spawn Range: 6
[16:27:40] [Server thread/INFO]: Hopper Transfer: 8 Hopper Check: 1 Hopper Amount: 1
[16:27:40] [Server thread/INFO]: Cactus Growth Modifier: 100%
[16:27:40] [Server thread/INFO]: Cane Growth Modifier: 100%
[16:27:40] [Server thread/INFO]: Melon Growth Modifier: 100%
[16:27:40] [Server thread/INFO]: Mushroom Growth Modifier: 100%
[16:27:40] [Server thread/INFO]: Pumpkin Growth Modifier: 100%
[16:27:40] [Server thread/INFO]: Sapling Growth Modifier: 100%
[16:27:40] [Server thread/INFO]: Beetroot Growth Modifier: 100%
[16:27:40] [Server thread/INFO]: Carrot Growth Modifier: 100%
[16:27:40] [Server thread/INFO]: Potato Growth Modifier: 100%
[16:27:40] [Server thread/INFO]: Wheat Growth Modifier: 100%
[16:27:40] [Server thread/INFO]: NetherWart Growth Modifier: 100%
[16:27:40] [Server thread/INFO]: Vine Growth Modifier: 100%
[16:27:40] [Server thread/INFO]: Cocoa Growth Modifier: 100%
[16:27:40] [Server thread/INFO]: Bamboo Growth Modifier: 100%
[16:27:40] [Server thread/INFO]: SweetBerry Growth Modifier: 100%
[16:27:40] [Server thread/INFO]: Kelp Growth Modifier: 100%
[16:27:40] [Server thread/INFO]: Entity Activation Range: An 32 / Mo 32 / Ra 48 / Mi 16 / Tiv true
[16:27:40] [Server thread/INFO]: Experience Merge Radius: 3.0
[16:27:40] [Server thread/INFO]: Tile Max Tick Time: 50ms Entity max Tick Time: 50ms
[16:27:40] [Server thread/INFO]: Max TNT Explosions: 100
[16:27:40] [Server thread/INFO]: Custom Map Seeds:  Village: 10387312 Desert: 14357617 Igloo: 14357618 Jungle: 14357619 Swamp: 14357620 Monument: 10387313 Ocean: 14357621 Shipwreck: 165745295 End City: 10387313 Slime: 987234911 Bastion: 30084232 Fortress: 30084232 Mansion: 10387319 Fossil: 14357921 Portal: 34222645
[16:27:41] [Server thread/INFO]: -------- World Settings For [world_the_end] --------
[16:27:41] [Server thread/INFO]: Entity Tracking Range: Pl 48 / An 48 / Mo 48 / Mi 32 / Other 64
[16:27:41] [Server thread/INFO]: Item Merge Radius: 2.5
[16:27:41] [Server thread/INFO]: Item Despawn Rate: 6000
[16:27:41] [Server thread/INFO]: View Distance: 10
[16:27:41] [Server thread/INFO]: Allow Zombie Pigmen to spawn from portal blocks: true
[16:27:41] [Server thread/INFO]: Zombie Aggressive Towards Villager: true
[16:27:41] [Server thread/INFO]: Arrow Despawn Rate: 1200 Trident Respawn Rate:1200
[16:27:41] [Server thread/INFO]: Nerfing mobs spawned from spawners: false
[16:27:41] [Server thread/INFO]: Mob Spawn Range: 6
[16:27:41] [Server thread/INFO]: Hopper Transfer: 8 Hopper Check: 1 Hopper Amount: 1
[16:27:41] [Server thread/INFO]: Cactus Growth Modifier: 100%
[16:27:41] [Server thread/INFO]: Cane Growth Modifier: 100%
[16:27:41] [Server thread/INFO]: Melon Growth Modifier: 100%
[16:27:41] [Server thread/INFO]: Mushroom Growth Modifier: 100%
[16:27:41] [Server thread/INFO]: Pumpkin Growth Modifier: 100%
[16:27:41] [Server thread/INFO]: Sapling Growth Modifier: 100%
[16:27:41] [Server thread/INFO]: Beetroot Growth Modifier: 100%
[16:27:41] [Server thread/INFO]: Carrot Growth Modifier: 100%
[16:27:41] [Server thread/INFO]: Potato Growth Modifier: 100%
[16:27:41] [Server thread/INFO]: Wheat Growth Modifier: 100%
[16:27:41] [Server thread/INFO]: NetherWart Growth Modifier: 100%
[16:27:41] [Server thread/INFO]: Vine Growth Modifier: 100%
[16:27:41] [Server thread/INFO]: Cocoa Growth Modifier: 100%
[16:27:41] [Server thread/INFO]: Bamboo Growth Modifier: 100%
[16:27:41] [Server thread/INFO]: SweetBerry Growth Modifier: 100%
[16:27:41] [Server thread/INFO]: Kelp Growth Modifier: 100%
[16:27:41] [Server thread/INFO]: Entity Activation Range: An 32 / Mo 32 / Ra 48 / Mi 16 / Tiv true
[16:27:41] [Server thread/INFO]: Experience Merge Radius: 3.0
[16:27:41] [Server thread/INFO]: Tile Max Tick Time: 50ms Entity max Tick Time: 50ms
[16:27:41] [Server thread/INFO]: Max TNT Explosions: 100
[16:27:41] [Server thread/INFO]: Custom Map Seeds:  Village: 10387312 Desert: 14357617 Igloo: 14357618 Jungle: 14357619 Swamp: 14357620 Monument: 10387313 Ocean: 14357621 Shipwreck: 165745295 End City: 10387313 Slime: 987234911 Bastion: 30084232 Fortress: 30084232 Mansion: 10387319 Fossil: 14357921 Portal: 34222645
[16:27:41] [Server thread/INFO]: Preparing start region for dimension minecraft:overworld
[16:27:45] [Server thread/INFO]: Preparing spawn area: 0%
[16:27:45] [Server thread/INFO]: Preparing spawn area: 0%
[16:27:45] [Server thread/INFO]: Preparing spawn area: 0%
[16:27:45] [Server thread/INFO]: Preparing spawn area: 0%
[16:27:45] [Server thread/INFO]: Preparing spawn area: 0%
[16:27:45] [Server thread/INFO]: Preparing spawn area: 0%
[16:27:45] [Server thread/INFO]: Preparing spawn area: 0%
[16:27:45] [Server thread/INFO]: Preparing spawn area: 0%
[16:27:45] [Server thread/INFO]: Preparing spawn area: 0%
[16:27:45] [Server thread/INFO]: Preparing spawn area: 0%
[16:27:46] [Server thread/INFO]: Preparing spawn area: 0%
[16:27:46] [Server thread/INFO]: Preparing spawn area: 16%
[16:27:47] [Server thread/INFO]: Preparing spawn area: 23%
[16:27:47] [Server thread/INFO]: Time elapsed: 6876 ms
[16:27:47] [Server thread/INFO]: Preparing start region for dimension minecraft:the_nether
[16:27:49] [Server thread/INFO]: Preparing spawn area: 0%
[16:27:49] [Server thread/INFO]: Preparing spawn area: 0%
[16:27:49] [Server thread/INFO]: Preparing spawn area: 0%
[16:27:49] [Server thread/INFO]: Preparing spawn area: 0%
[16:27:50] [Server thread/INFO]: Preparing spawn area: 0%
[16:27:50] [Server thread/INFO]: Preparing spawn area: 0%
[16:27:52] [Server thread/INFO]: Preparing spawn area: 83%
[16:27:52] [Server thread/INFO]: Preparing spawn area: 83%
[16:27:52] [Server thread/INFO]: Preparing spawn area: 83%
[16:27:52] [Server thread/INFO]: Preparing spawn area: 97%
[16:27:53] [Worker-Main-9/INFO]: Preparing spawn area: 97%
[16:27:53] [Worker-Main-7/INFO]: Preparing spawn area: 98%
[16:27:54] [Worker-Main-7/INFO]: Preparing spawn area: 99%
[16:27:54] [Server thread/INFO]: Time elapsed: 6261 ms
[16:27:54] [Server thread/INFO]: Preparing start region for dimension minecraft:the_end
[16:27:55] [Server thread/INFO]: Preparing spawn area: 0%
[16:27:55] [Server thread/INFO]: Preparing spawn area: 0%
[16:27:55] [Server thread/INFO]: Preparing spawn area: 78%
[16:27:55] [Worker-Main-9/INFO]: Preparing spawn area: 86%
[16:27:56] [Worker-Main-8/INFO]: Preparing spawn area: 86%
[16:27:56] [Worker-Main-7/INFO]: Preparing spawn area: 99%
[16:27:56] [Server thread/INFO]: Time elapsed: 2514 ms
[16:27:56] [Server thread/INFO]: [UltimateTools] Enabling UltimateTools v1
[16:27:56] [Server thread/INFO]:  [m
[16:27:56] [Server thread/INFO]: [0;32;1m=============================[m
[16:27:56] [Server thread/INFO]: [0;37;22mUltimateTools 1 by [0;35;22mSongoda <3![m
[16:27:56] [Server thread/INFO]: [0;37;22mAction: [0;32;1mEnabling[0;37;22m...[m
[16:27:57] [Server thread/INFO]: [UltimateTools] Loaded locale "en_US"
[16:27:57] [Server thread/INFO]: [SongodaCore] Hooked UltimateTools.
[16:27:57] [Server thread/INFO]: [0;32;1m=============================[m
[16:27:57] [Server thread/INFO]:  [m
[16:27:57] [Server thread/INFO]: [Lift] Enabling Lift v70
[16:27:57] [Server thread/INFO]: [Lift] Floor materials added: [PURPLE_STAINED_GLASS, BLACK_STAINED_GLASS, CYAN_STAINED_GLASS, MAGENTA_STAINED_GLASS, LIME_STAINED_GLASS, BLUE_STAINED_GLASS, BROWN_STAINED_GLASS, WHITE_STAINED_GLASS, YELLOW_STAINED_GLASS, GLASS, LIGHT_GRAY_STAINED_GLASS, GREEN_STAINED_GLASS, LIGHT_BLUE_STAINED_GLASS, ORANGE_STAINED_GLASS, GRAY_STAINED_GLASS, PINK_STAINED_GLASS, RED_STAINED_GLASS]
[16:27:57] [Server thread/INFO]: [Lift] Button materials added: [POLISHED_BLACKSTONE_BUTTON, BIRCH_BUTTON, ACACIA_BUTTON, DARK_OAK_BUTTON, STONE_BUTTON, JUNGLE_BUTTON, SPRUCE_BUTTON, CRIMSON_BUTTON, WARPED_BUTTON, OAK_BUTTON]
[16:27:57] [Server thread/INFO]: [Lift] Sign materials added: [JUNGLE_WALL_SIGN, SPRUCE_WALL_SIGN, CRIMSON_WALL_SIGN, BIRCH_WALL_SIGN, ACACIA_WALL_SIGN, DARK_OAK_WALL_SIGN, OAK_WALL_SIGN, WARPED_WALL_SIGN]
[16:27:57] [Server thread/INFO]: Lift v70 is now enabled!
[16:27:57] [Server thread/INFO]: [UltimateStacker] Enabling UltimateStacker v2.1.3
[16:27:57] [Server thread/INFO]:  [m
[16:27:57] [Server thread/INFO]: [0;32;1m=============================[m
[16:27:57] [Server thread/INFO]: [0;37;22mUltimateStacker 2.1.3 by [0;35;22mSongoda <3![m
[16:27:57] [Server thread/INFO]: [0;37;22mAction: [0;32;1mEnabling[0;37;22m...[m
[16:27:57] [Server thread/INFO]: [UltimateStacker] Loaded locale "en_US"
[16:27:58] [Server thread/INFO]: [SongodaCore] Hooked UltimateStacker.
[16:28:01] [Server thread/INFO]: [UltimateStacker] Data handler connected using SQLite.
[16:28:01] [Server thread/INFO]: [0;32;1m=============================[m
[16:28:01] [Server thread/INFO]:  [m
[16:28:01] [Server thread/INFO]: [AutoCraft] Enabling AutoCraft v2.0
[16:28:01] [Server thread/INFO]: Loaded AutoCraft by Fliens
[16:28:01] [Server thread/INFO]: [LaggRemover] Enabling LaggRemover v2.0.6
[16:28:01] [Server thread/INFO]: 
[16:28:01] [Server thread/INFO]:     __                      ____                                         _    _____
[16:28:01] [Server thread/INFO]:    / /   ____ _____ _____ _/ __ \___  ____ ___  ____ _   _____  _____   | |  / /__ \
[16:28:01] [Server thread/INFO]:   / /   / __ `/ __ `/ __ `/ /_/ / _ \/ __ `__ \/ __ \ | / / _ \/ ___/   | | / /__/ /
[16:28:01] [Server thread/INFO]:  / /___/ /_/ / /_/ / /_/ / _, _/  __/ / / / / / /_/ / |/ /  __/ /       | |/ // __/
[16:28:01] [Server thread/INFO]: /_____/\__,_/\__, /\__, /_/ |_|\___/_/ /_/ /_/\____/|___/\___/_/        |___//____/
[16:28:01] [Server thread/INFO]:             /____//____/
[16:28:01] [Server thread/INFO]: 
[16:28:01] [Server thread/INFO]: [LaggRemover] Loaded 0 module(s)
[16:28:01] [Server thread/INFO]: [LaggRemover] The LaggRemover AI is now active!
[16:28:01] [Server thread/INFO]: [LaggRemover] LaggRemover has been enabled!
[16:28:01] [Server thread/INFO]: [Multiverse-Core] Enabling Multiverse-Core v4.2.2-b812
[16:28:01] [Server thread/WARN]: [Multiverse-Core] "Multiverse-Core v4.2.2-b812" has registered a listener for org.bukkit.event.entity.EntityCreatePortalEvent on method "public void com.onarandombox.MultiverseCore.listeners.MVPortalListener.entityPortalCreate(org.bukkit.event.entity.EntityCreatePortalEvent)", but the event is Deprecated. "Server performance will be affected"; please notify the authors [dumptruckman, Rigby, fernferret, lithium3141, main--].
[16:28:01] [Server thread/INFO]: [Multiverse-Core] §aWe are aware of the warning about the deprecated event. There is no alternative that allows us to do what we need to do and performance impact is negligible. It is safe to ignore.
[16:28:01] [Server thread/INFO]: -------- World Settings For [kamina] --------
[16:28:01] [Server thread/INFO]: Entity Tracking Range: Pl 48 / An 48 / Mo 48 / Mi 32 / Other 64
[16:28:01] [Server thread/INFO]: Item Merge Radius: 2.5
[16:28:01] [Server thread/INFO]: Item Despawn Rate: 6000
[16:28:01] [Server thread/INFO]: View Distance: 10
[16:28:01] [Server thread/INFO]: Allow Zombie Pigmen to spawn from portal blocks: true
[16:28:01] [Server thread/INFO]: Zombie Aggressive Towards Villager: true
[16:28:01] [Server thread/INFO]: Arrow Despawn Rate: 1200 Trident Respawn Rate:1200
[16:28:01] [Server thread/INFO]: Nerfing mobs spawned from spawners: false
[16:28:01] [Server thread/INFO]: Mob Spawn Range: 6
[16:28:01] [Server thread/INFO]: Hopper Transfer: 8 Hopper Check: 1 Hopper Amount: 1
[16:28:01] [Server thread/INFO]: Cactus Growth Modifier: 100%
[16:28:01] [Server thread/INFO]: Cane Growth Modifier: 100%
[16:28:01] [Server thread/INFO]: Melon Growth Modifier: 100%
[16:28:01] [Server thread/INFO]: Mushroom Growth Modifier: 100%
[16:28:01] [Server thread/INFO]: Pumpkin Growth Modifier: 100%
[16:28:01] [Server thread/INFO]: Sapling Growth Modifier: 100%
[16:28:01] [Server thread/INFO]: Beetroot Growth Modifier: 100%
[16:28:01] [Server thread/INFO]: Carrot Growth Modifier: 100%
[16:28:01] [Server thread/INFO]: Potato Growth Modifier: 100%
[16:28:01] [Server thread/INFO]: Wheat Growth Modifier: 100%
[16:28:01] [Server thread/INFO]: NetherWart Growth Modifier: 100%
[16:28:01] [Server thread/INFO]: Vine Growth Modifier: 100%
[16:28:01] [Server thread/INFO]: Cocoa Growth Modifier: 100%
[16:28:01] [Server thread/INFO]: Bamboo Growth Modifier: 100%
[16:28:01] [Server thread/INFO]: SweetBerry Growth Modifier: 100%
[16:28:01] [Server thread/INFO]: Kelp Growth Modifier: 100%
[16:28:01] [Server thread/INFO]: Entity Activation Range: An 32 / Mo 32 / Ra 48 / Mi 16 / Tiv true
[16:28:01] [Server thread/INFO]: Experience Merge Radius: 3.0
[16:28:01] [Server thread/INFO]: Tile Max Tick Time: 50ms Entity max Tick Time: 50ms
[16:28:01] [Server thread/INFO]: Max TNT Explosions: 100
[16:28:02] [Server thread/INFO]: Custom Map Seeds:  Village: 10387312 Desert: 14357617 Igloo: 14357618 Jungle: 14357619 Swamp: 14357620 Monument: 10387313 Ocean: 14357621 Shipwreck: 165745295 End City: 10387313 Slime: 987234911 Bastion: 30084232 Fortress: 30084232 Mansion: 10387319 Fossil: 14357921 Portal: 34222645
[16:28:02] [Server thread/INFO]: -------- World Settings For [bampy] --------
[16:28:02] [Server thread/INFO]: Entity Tracking Range: Pl 48 / An 48 / Mo 48 / Mi 32 / Other 64
[16:28:02] [Server thread/INFO]: Item Merge Radius: 2.5
[16:28:02] [Server thread/INFO]: Item Despawn Rate: 6000
[16:28:02] [Server thread/INFO]: View Distance: 10
[16:28:02] [Server thread/INFO]: Allow Zombie Pigmen to spawn from portal blocks: true
[16:28:02] [Server thread/INFO]: Zombie Aggressive Towards Villager: true
[16:28:02] [Server thread/INFO]: Arrow Despawn Rate: 1200 Trident Respawn Rate:1200
[16:28:02] [Server thread/INFO]: Nerfing mobs spawned from spawners: false
[16:28:02] [Server thread/INFO]: Mob Spawn Range: 6
[16:28:02] [Server thread/INFO]: Hopper Transfer: 8 Hopper Check: 1 Hopper Amount: 1
[16:28:02] [Server thread/INFO]: Cactus Growth Modifier: 100%
[16:28:02] [Server thread/INFO]: Cane Growth Modifier: 100%
[16:28:02] [Server thread/INFO]: Melon Growth Modifier: 100%
[16:28:02] [Server thread/INFO]: Mushroom Growth Modifier: 100%
[16:28:02] [Server thread/INFO]: Pumpkin Growth Modifier: 100%
[16:28:02] [Server thread/INFO]: Sapling Growth Modifier: 100%
[16:28:02] [Server thread/INFO]: Beetroot Growth Modifier: 100%
[16:28:02] [Server thread/INFO]: Carrot Growth Modifier: 100%
[16:28:02] [Server thread/INFO]: Potato Growth Modifier: 100%
[16:28:02] [Server thread/INFO]: Wheat Growth Modifier: 100%
[16:28:02] [Server thread/INFO]: NetherWart Growth Modifier: 100%
[16:28:02] [Server thread/INFO]: Vine Growth Modifier: 100%
[16:28:02] [Server thread/INFO]: Cocoa Growth Modifier: 100%
[16:28:02] [Server thread/INFO]: Bamboo Growth Modifier: 100%
[16:28:02] [Server thread/INFO]: SweetBerry Growth Modifier: 100%
[16:28:02] [Server thread/INFO]: Kelp Growth Modifier: 100%
[16:28:02] [Server thread/INFO]: Entity Activation Range: An 32 / Mo 32 / Ra 48 / Mi 16 / Tiv true
[16:28:02] [Server thread/INFO]: Experience Merge Radius: 3.0
[16:28:02] [Server thread/INFO]: Tile Max Tick Time: 50ms Entity max Tick Time: 50ms
[16:28:02] [Server thread/INFO]: Max TNT Explosions: 100
[16:28:02] [Server thread/INFO]: Custom Map Seeds:  Village: 10387312 Desert: 14357617 Igloo: 14357618 Jungle: 14357619 Swamp: 14357620 Monument: 10387313 Ocean: 14357621 Shipwreck: 165745295 End City: 10387313 Slime: 987234911 Bastion: 30084232 Fortress: 30084232 Mansion: 10387319 Fossil: 14357921 Portal: 34222645
[16:28:02] [Server thread/INFO]: -------- World Settings For [Dark] --------
[16:28:02] [Server thread/INFO]: Entity Tracking Range: Pl 48 / An 48 / Mo 48 / Mi 32 / Other 64
[16:28:02] [Server thread/INFO]: Item Merge Radius: 2.5
[16:28:02] [Server thread/INFO]: Item Despawn Rate: 6000
[16:28:02] [Server thread/INFO]: View Distance: 10
[16:28:02] [Server thread/INFO]: Allow Zombie Pigmen to spawn from portal blocks: true
[16:28:02] [Server thread/INFO]: Zombie Aggressive Towards Villager: true
[16:28:02] [Server thread/INFO]: Arrow Despawn Rate: 1200 Trident Respawn Rate:1200
[16:28:02] [Server thread/INFO]: Nerfing mobs spawned from spawners: false
[16:28:02] [Server thread/INFO]: Mob Spawn Range: 6
[16:28:02] [Server thread/INFO]: Hopper Transfer: 8 Hopper Check: 1 Hopper Amount: 1
[16:28:02] [Server thread/INFO]: Cactus Growth Modifier: 100%
[16:28:02] [Server thread/INFO]: Cane Growth Modifier: 100%
[16:28:02] [Server thread/INFO]: Melon Growth Modifier: 100%
[16:28:02] [Server thread/INFO]: Mushroom Growth Modifier: 100%
[16:28:02] [Server thread/INFO]: Pumpkin Growth Modifier: 100%
[16:28:02] [Server thread/INFO]: Sapling Growth Modifier: 100%
[16:28:02] [Server thread/INFO]: Beetroot Growth Modifier: 100%
[16:28:02] [Server thread/INFO]: Carrot Growth Modifier: 100%
[16:28:02] [Server thread/INFO]: Potato Growth Modifier: 100%
[16:28:02] [Server thread/INFO]: Wheat Growth Modifier: 100%
[16:28:02] [Server thread/INFO]: NetherWart Growth Modifier: 100%
[16:28:02] [Server thread/INFO]: Vine Growth Modifier: 100%
[16:28:02] [Server thread/INFO]: Cocoa Growth Modifier: 100%
[16:28:02] [Server thread/INFO]: Bamboo Growth Modifier: 100%
[16:28:02] [Server thread/INFO]: SweetBerry Growth Modifier: 100%
[16:28:02] [Server thread/INFO]: Kelp Growth Modifier: 100%
[16:28:02] [Server thread/INFO]: Entity Activation Range: An 32 / Mo 32 / Ra 48 / Mi 16 / Tiv true
[16:28:02] [Server thread/INFO]: Experience Merge Radius: 3.0
[16:28:02] [Server thread/INFO]: Tile Max Tick Time: 50ms Entity max Tick Time: 50ms
[16:28:02] [Server thread/INFO]: Max TNT Explosions: 100
[16:28:02] [Server thread/INFO]: Custom Map Seeds:  Village: 10387312 Desert: 14357617 Igloo: 14357618 Jungle: 14357619 Swamp: 14357620 Monument: 10387313 Ocean: 14357621 Shipwreck: 165745295 End City: 10387313 Slime: 987234911 Bastion: 30084232 Fortress: 30084232 Mansion: 10387319 Fossil: 14357921 Portal: 34222645
[16:28:02] [Server thread/INFO]: [Multiverse-Core] 6 - World(s) loaded.
[16:28:03] [Server thread/INFO]: [Multiverse-Core] Version 4.2.2-b812 (API v24) Enabled - By dumptruckman, Rigby, fernferret, lithium3141 and main--
[16:28:03] [Server thread/INFO]: [ChestShop] Enabling ChestShop v3.11 (build 213)
[16:28:03] [Server thread/INFO]: [ChestShop] Found locale en!
[16:28:03] [Server thread/WARN]: SLF4J: Failed to load class "org.slf4j.impl.StaticLoggerBinder".
[16:28:03] [Server thread/WARN]: SLF4J: Defaulting to no-operation (NOP) logger implementation
[16:28:03] [Server thread/WARN]: SLF4J: See http://www.slf4j.org/codes.html#StaticLoggerBinder for further details.
[16:28:03] [Server thread/WARN]: [ChestShop] Server economy account setting '' doesn't seem to be the name of a known player! Please log in at least once in order for the server economy account to work.
[16:28:04] [Server thread/INFO]: [ChestShop] Using XConomy as the Economy provider now.
[16:28:04] [Server thread/INFO]: [ChestShop] Vault loaded!
[16:28:04] [Server thread/INFO]: [ChestShop] Auto-updater is disabled. If you want the plugin to automatically download new releases then set 'TURN_OFF_UPDATES' to 'false' in your config.yml!
[16:28:04] [Server thread/INFO]: [UltimateClaims] Enabling UltimateClaims v1.4.2
[16:28:04] [Server thread/INFO]:  [m
[16:28:04] [Server thread/INFO]: [0;32;1m=============================[m
[16:28:04] [Server thread/INFO]: [0;37;22mUltimateClaims 1.4.2 by [0;35;22mSongoda <3![m
[16:28:04] [Server thread/INFO]: [0;37;22mAction: [0;32;1mEnabling[0;37;22m...[m
[16:28:04] [Server thread/INFO]: [UltimateClaims] Loaded locale "en_US"
[16:28:04] [Server thread/INFO]: [SongodaCore] Hooked UltimateClaims.
[16:28:05] [Server thread/INFO]: [0;32;1m=============================[m
[16:28:05] [Server thread/INFO]:  [m
[16:28:05] [Server thread/INFO]: [Jobs] Enabling Jobs v4.16.3
[16:28:13] [Server thread/WARN]: Initializing Legacy Material Support. Unless you have legacy plugins and/or data this is a bug!
[16:28:27] [Server thread/INFO]: [0;33;1m[Jobs] Loaded 8 titles![m
[16:28:27] [Server thread/INFO]: [0;33;1m[Jobs] Loaded 75 protected blocks timers![m
[16:28:28] [Server thread/INFO]: [0;33;1m[Jobs] Loaded 1097 custom item names![m
[16:28:28] [Server thread/INFO]: [0;33;1m[Jobs] Loaded 72 custom entity names![m
[16:28:28] [Server thread/INFO]: [0;33;1m[Jobs] Loaded 2 custom MythicMobs names![m
[16:28:28] [Server thread/INFO]: [0;33;1m[Jobs] Loaded 38 custom enchant names![m
[16:28:28] [Server thread/INFO]: [0;33;1m[Jobs] Loaded 16 custom color names![m
[16:28:28] [Server thread/INFO]: [0;33;1m[Jobs] Loaded 4 shop items![m
[16:28:29] [Server thread/INFO]: [0;33;1m[Jobs] Loaded 1 quests for Woodcutter[m
[16:28:29] [Server thread/INFO]: [0;33;1m[Jobs] Loaded 1 quests for Miner[m
[16:28:29] [Server thread/INFO]: [0;33;1m[Jobs] Loaded 1 quests for Builder[m
[16:28:29] [Server thread/INFO]: [0;33;1m[Jobs] Loaded 1 quests for Digger[m
[16:28:29] [Server thread/INFO]: [0;33;1m[Jobs] Loaded 1 quests for Farmer[m
[16:28:29] [Server thread/INFO]: [0;33;1m[Jobs] Loaded 1 quests for Hunter[m
[16:28:29] [Server thread/INFO]: [0;33;1m[Jobs] Loaded 1 quests for Explorer[m
[16:28:29] [Server thread/INFO]: [0;33;1m[Jobs] Loaded 1 quests for Crafter[m
[16:28:29] [Server thread/INFO]: [0;33;1m[Jobs] Loaded 1 quests for Fisherman[m
[16:28:29] [Server thread/INFO]: [0;33;1m[Jobs] Loaded 1 quests for Weaponsmith[m
[16:28:29] [Server thread/INFO]: [0;33;1m[Jobs] Loaded 1 quests for Brewer[m
[16:28:29] [Server thread/INFO]: [0;33;1m[Jobs] Loaded 1 quests for Enchanter[m
[16:28:29] [Server thread/INFO]: [0;33;1m[Jobs] Loaded 12 jobs![m
[16:28:29] [Server thread/INFO]: [0;33;1m[Jobs] Explorer job manager registered![m
[16:28:29] [Server thread/INFO]: [0;33;1m[Jobs] Loaded 3 furnace for reassigning.[m
[16:28:29] [Server thread/INFO]: [0;33;1m[Jobs] Preloaded 2 players data in 0.02[m
[16:28:29] [Jobs-DatabaseSaveTask/INFO]: [0;33;1m[Jobs] Started database save task.[m
[16:28:29] [Jobs-BufferedPaymentThread/INFO]: [0;33;1m[Jobs] Started buffered payment thread.[m
[16:28:29] [Server thread/INFO]: [0;33;1m[Jobs] Loaded 2 block protection entries. 14ms[m
[16:28:29] [Server thread/INFO]: [0;33;1m[Jobs] Loading explorer data[m
[16:28:30] [Server thread/INFO]: [0;33;1m[Jobs] Loaded explorer data (396)[m
[16:28:30] [Server thread/INFO]: [0;33;1m[Jobs] Plugin has been enabled successfully.[m
[16:28:30] [Server thread/INFO]: [VillagerMarket] Enabling VillagerMarket v1.8.3
[16:28:30] [Server thread/INFO]: [VillagerMarket] Loaded 0 shops in 1 ms!
[16:28:30] [Server thread/INFO]: [CommandSigns] Enabling CommandSigns v2.2.0
[16:28:30] [Server thread/INFO]: [CommandSigns] Plugin vault detected
[16:28:30] [Server thread/INFO]: [CommandSigns] Vault economy [XConomy] linked with command signs !
[16:28:30] [Server thread/INFO]: [CommandSigns] If this plugin is useful to you, you can make a donation at: https://www.paypal.me/nokorbis
[16:28:30] [Server thread/INFO]: [UltimateTimber] Enabling UltimateTimber v2.2.3
[16:28:30] [Server thread/INFO]:  [m
[16:28:30] [Server thread/INFO]: [0;32;1m=============================[m
[16:28:30] [Server thread/INFO]: [0;37;22mUltimateTimber 2.2.3 by [0;35;22mSongoda <3![m
[16:28:30] [Server thread/INFO]: [0;37;22mAction: [0;32;1mEnabling[0;37;22m...[m
[16:28:30] [Server thread/INFO]: [UltimateTimber] Loaded locale "en_US"
[16:28:31] [Server thread/INFO]: [SongodaCore] Hooked UltimateTimber.
[16:28:31] [Server thread/INFO]: [0;32;1m=============================[m
[16:28:31] [Server thread/INFO]:  [m
[16:28:32] [Server thread/INFO]: Server permissions file permissions.yml is empty, ignoring it
[16:28:32] [Server thread/INFO]: Done (52.568s)! For help, type "help"
[16:28:32] [Server thread/INFO]: [0;33;1m[Jobs] Successfully linked with Vault.[m
[16:28:32] [Craft Scheduler Thread - 4/INFO]: [Vault] Checking for Updates ... 
[16:28:34] [Server thread/INFO]: [UltimateClaims] Data handler connected using SQLite.
[16:28:34] [Craft Scheduler Thread - 0/INFO]: [XConomy] Is the latest version
[16:28:35] [Craft Scheduler Thread - 4/INFO]: [Vault] No new version available
[16:34:42] [User Authenticator #1/INFO]: UUID of player MindLikeCeleron is 85abee5c-c249-3d9a-8742-02bb6efceda8
[16:34:43] [Server thread/INFO]: MindLikeCeleron[/191.7.37.42:58064] logged in with entity id 270 at ([world]-431.2914137515553, 66.0, 2447.824999988079)
[16:44:30] [Server thread/INFO]: MindLikeCeleron lost connection: Disconnected
[16:44:30] [Server thread/INFO]: MindLikeCeleron left the game
[16:53:14] [User Authenticator #2/INFO]: UUID of player MindLikeCeleron is 85abee5c-c249-3d9a-8742-02bb6efceda8
[16:53:14] [Server thread/INFO]: MindLikeCeleron[/191.7.37.42:58454] logged in with entity id 1646 at ([world]-480.2753387516201, 67.0, 2210.3908509311345)
[16:55:18] [User Authenticator #3/INFO]: UUID of player MetalCore is 4e613ff0-327a-3322-91a0-2eeb7517857a
[16:55:19] [Server thread/INFO]: MetalCore[/45.189.30.238:62214] logged in with entity id 2035 at ([world]-423.5, 63.0, 2413.5)
[16:55:19] [Server thread/WARN]: Can't keep up! Is the server overloaded? Running 5092ms or 101 ticks behind
[16:56:18] [Server thread/WARN]: Can't keep up! Is the server overloaded? Running 29841ms or 596 ticks behind
[16:56:34] [User Authenticator #4/INFO]: UUID of player victorfrei is c5d632bc-7657-3f0c-9ff7-6297be3bd2a0
[16:56:35] [Server thread/INFO]: victorfrei[/181.220.230.20:58500] logged in with entity id 2357 at ([world]-420.30000001192093, 67.0, 2438.487500011921)
[16:57:12] [Server thread/WARN]: Can't keep up! Is the server overloaded? Running 23460ms or 469 ticks behind
[16:58:05] [Server thread/WARN]: Can't keep up! Is the server overloaded? Running 5026ms or 100 ticks behind
[16:58:27] [Server thread/INFO]: MetalCore was slain by Drowned
[16:59:49] [Server thread/INFO]: MetalCore has made the advancement [Suit Up]
[17:01:59] [Server thread/INFO]: MetalCore has made the advancement [We Need to Go Deeper]
[17:07:37] [Server thread/INFO]: victorfrei issued server command: /op MetalCore
[17:11:31] [Server thread/INFO]: Unknown command. Type "/help" for help.[m
[17:11:58] [Server thread/INFO]: victorfrei issued server command: /money
[17:12:20] [Server thread/INFO]: victorfrei issued server command: /money
[17:12:20] [Server thread/INFO]: MindLikeCeleron issued server command: /money
[17:12:21] [Server thread/INFO]: MetalCore issued server command: /money
[17:12:39] [Server thread/INFO]: victorfrei issued server command: /balancetop
[17:13:04] [Server thread/INFO]: victorfrei issued server command: /balancetop
[17:15:37] [Server thread/INFO]: MetalCore has made the advancement [Monster Hunter]
[17:17:19] [Async Chat Thread - #0/INFO]: [[0;37;1mworld[0;37;1m]<victorfrei> zzzzzzzzzz[m
[17:17:27] [Server thread/INFO]: MetalCore has made the advancement [Sweet Dreams]
[17:23:19] [User Authenticator #5/INFO]: UUID of player MindLikeCeleron is 85abee5c-c249-3d9a-8742-02bb6efceda8
[17:23:19] [Server thread/INFO]: MindLikeCeleron lost connection: You logged in from another location
[17:23:19] [Server thread/INFO]: MindLikeCeleron left the game
[17:23:20] [Server thread/INFO]: MindLikeCeleron[/191.7.37.42:58995] logged in with entity id 8218 at ([world]-539.7436004860783, 64.0, 2386.7536843996086)
[17:32:15] [Async Chat Thread - #1/INFO]: [[0;37;1mworld[0;37;1m]<MindLikeCeleron> zzzzzzz[m
[17:32:17] [Async Chat Thread - #1/INFO]: [[0;37;1mworld[0;37;1m]<victorfrei> zzzzzz[m
[17:32:30] [Server thread/INFO]: victorfrei issued server command: /multiverse-core:mv help
[17:32:35] [Server thread/INFO]: victorfrei issued server command: /multiverse-core:mv help 2
[17:32:40] [Server thread/INFO]: victorfrei issued server command: /multiverse-core:mv help 3
[17:32:49] [Server thread/INFO]: victorfrei issued server command: /multiverse-core:mv help 4
[17:33:29] [Server thread/INFO]: Unknown command. Type "/help" for help.[m
[17:34:14] [Server thread/INFO]: Unknown command. Type "/help" for help.[m
[17:34:16] [Server thread/INFO]: Unknown command. Type "/help" for help.[m
[17:34:28] [Server thread/INFO]: Unknown command. Type "/help" for help.[m
[17:50:34] [Async Chat Thread - #2/INFO]: [[0;37;1mworld[0;37;1m]<victorfrei> zzzzzzzz[m
[17:51:52] [Server thread/INFO]: MetalCore has made the advancement [Stone Age]
[17:52:00] [Server thread/INFO]: Unknown command. Type "/help" for help.[m
[17:52:24] [Server thread/INFO]: Unknown command. Type "/help" for help.[m
[17:52:30] [Server thread/INFO]: Unknown command. Type "/help" for help.[m
[17:52:46] [Server thread/INFO]: MetalCore has made the advancement [Diamonds!]
[17:53:02] [Server thread/INFO]: Unknown command. Type "/help" for help.[m
[17:53:06] [Server thread/INFO]: Unknown command. Type "/help" for help.[m
[17:53:23] [Server thread/INFO]: Unknown command. Type "/help" for help.[m
[17:55:06] [Server thread/INFO]: MetalCore lost connection: Disconnected
[17:55:07] [Server thread/INFO]: MetalCore left the game
[17:56:54] [Server thread/INFO]: victorfrei issued server command: /give victorfrei minecraft:string 100
[18:14:48] [User Authenticator #6/INFO]: UUID of player MetalCore is 4e613ff0-327a-3322-91a0-2eeb7517857a
[18:14:49] [Server thread/INFO]: MetalCore[/45.189.30.238:64781] logged in with entity id 19290 at ([world]-421.0616296777932, 64.0, 2420.239293028767)
[18:46:46] [Server thread/INFO]: Unknown command. Type "/help" for help.[m
[18:50:10] [Server thread/INFO]: Unknown command. Type "/help" for help.[m
[18:56:01] [Server thread/INFO]: Unknown command. Type "/help" for help.[m
[18:56:19] [Server thread/INFO]: victorfrei issued server command: /gamemode creative victorfrei
[19:07:31] [Server thread/INFO]: victorfrei issued server command: /gamemode survival victorfrei
[19:08:04] [Server thread/WARN]: MindLikeCeleron moved wrongly!
[19:08:05] [Server thread/WARN]: victorfrei moved wrongly!
[19:08:05] [Server thread/WARN]: MindLikeCeleron moved wrongly!
[19:08:12] [Server thread/WARN]: victorfrei moved wrongly!
[19:08:51] [Async Chat Thread - #3/INFO]: [[0;37;1mworld[0;37;1m]<victorfrei> vamos sair aqui flw aê[m
[19:09:40] [Server thread/INFO]: victorfrei lost connection: Disconnected
[19:09:40] [Server thread/INFO]: victorfrei left the game
[19:10:07] [Server thread/INFO]: [Server] vcs podem sair kkk
[19:10:11] [Server thread/INFO]: MindLikeCeleron lost connection: Disconnected
[19:10:11] [Server thread/INFO]: MindLikeCeleron left the game
[19:10:31] [Server thread/INFO]: MetalCore lost connection: Disconnected
[19:10:31] [Server thread/INFO]: MetalCore left the game
[19:10:34] [Server thread/INFO]: Stopping the server
[19:10:34] [Server thread/INFO]: Stopping server
[19:10:34] [Server thread/INFO]: [UltimateTimber] Disabling UltimateTimber v2.2.3
[19:10:34] [Server thread/INFO]:  [m
[19:10:34] [Server thread/INFO]: [0;32;1m=============================[m
[19:10:34] [Server thread/INFO]: [0;37;22mUltimateTimber 2.2.3 by [0;35;22mSongoda <3![m
[19:10:34] [Server thread/INFO]: [0;37;22mAction: [0;31;1mDisabling[0;37;22m...[m
[19:10:34] [Server thread/INFO]: [0;32;1m=============================[m
[19:10:34] [Server thread/INFO]:  [m
[19:10:34] [Server thread/INFO]: [CommandSigns] Disabling CommandSigns v2.2.0
[19:10:34] [Server thread/INFO]: [XConomy] Disabling XConomy v2.9.25
[19:10:34] [Server thread/INFO]: [XConomy] XConomy successfully disabled
[19:10:34] [Server thread/INFO]: [VillagerMarket] Disabling VillagerMarket v1.8.3
[19:10:34] [Server thread/INFO]: [Jobs] Disabling Jobs v4.16.3
[19:10:34] [Server thread/INFO]: [0;33;1m[Jobs] Saved 136 new explorer entries.[m
[19:10:34] [Server thread/INFO]: [0;33;1m[Jobs] Updated 51 explorer entries.[m
[19:10:34] [Jobs-BufferedPaymentThread/INFO]: [0;33;1m[Jobs] Buffered payment thread shutdown.[m
[19:10:34] [Server thread/INFO]: [0;33;1m[Jobs] [0;32;22mPlugin has been disabled successfully.[m
[19:10:34] [Jobs-DatabaseSaveTask/INFO]: [0;33;1m[Jobs] Database save task shutdown![m
[19:10:34] [Server thread/INFO]: [UltimateClaims] Disabling UltimateClaims v1.4.2
[19:10:34] [Server thread/INFO]:  [m
[19:10:34] [Server thread/INFO]: [0;32;1m=============================[m
[19:10:34] [Server thread/INFO]: [0;37;22mUltimateClaims 1.4.2 by [0;35;22mSongoda <3![m
[19:10:34] [Server thread/INFO]: [0;37;22mAction: [0;31;1mDisabling[0;37;22m...[m
[19:10:34] [Server thread/INFO]: [0;32;1m=============================[m
[19:10:34] [Server thread/INFO]:  [m
[19:10:34] [Server thread/INFO]: [ChestShop] Disabling ChestShop v3.11 (build 213)
[19:10:34] [Server thread/INFO]: [Multiverse-Core] Disabling Multiverse-Core v4.2.2-b812
[19:10:34] [Server thread/INFO]: [LaggRemover] Disabling LaggRemover v2.0.6
[19:10:34] [Server thread/INFO]: [LaggRemover] LaggRemover has been disabled!
[19:10:34] [Server thread/INFO]: [Vault] Disabling Vault v1.7.3-b131
[19:10:34] [Server thread/INFO]: [AutoCraft] Disabling AutoCraft v2.0
[19:10:34] [Server thread/INFO]: [UltimateStacker] Disabling UltimateStacker v2.1.3
[19:10:34] [Server thread/INFO]:  [m
[19:10:34] [Server thread/INFO]: [0;32;1m=============================[m
[19:10:34] [Server thread/INFO]: [0;37;22mUltimateStacker 2.1.3 by [0;35;22mSongoda <3![m
[19:10:34] [Server thread/INFO]: [0;37;22mAction: [0;31;1mDisabling[0;37;22m...[m
[19:10:34] [Server thread/INFO]: [0;32;1m=============================[m
[19:10:34] [Server thread/INFO]:  [m
[19:10:34] [Server thread/INFO]: [Lift] Disabling Lift v70
[19:10:34] [Server thread/INFO]: Lift v70 is now disabled!
[19:10:34] [Server thread/INFO]: [UltimateTools] Disabling UltimateTools v1
[19:10:34] [Server thread/INFO]:  [m
[19:10:34] [Server thread/INFO]: [0;32;1m=============================[m
[19:10:34] [Server thread/INFO]: [0;37;22mUltimateTools 1 by [0;35;22mSongoda <3![m
[19:10:34] [Server thread/INFO]: [0;37;22mAction: [0;31;1mDisabling[0;37;22m...[m
[19:10:34] [Server thread/INFO]: [0;32;1m=============================[m
[19:10:34] [Server thread/INFO]:  [m
[19:10:34] [Server thread/INFO]: Saving players
[19:10:34] [Server thread/INFO]: Saving worlds
[19:10:34] [Server thread/INFO]: Saving chunks for level 'ServerLevel[world]'/minecraft:overworld
[19:10:35] [Server thread/INFO]: ThreadedAnvilChunkStorage (world): All chunks are saved
[19:10:35] [Server thread/INFO]: Saving chunks for level 'ServerLevel[world_nether]'/minecraft:the_nether
[19:10:35] [Server thread/INFO]: ThreadedAnvilChunkStorage (DIM-1): All chunks are saved
[19:10:35] [Server thread/INFO]: Saving chunks for level 'ServerLevel[world_the_end]'/minecraft:the_end
[19:10:35] [Server thread/INFO]: ThreadedAnvilChunkStorage (DIM1): All chunks are saved
[19:10:35] [Server thread/INFO]: Saving chunks for level 'ServerLevel[kamina]'/minecraft:kamina
[19:10:35] [Server thread/INFO]: ThreadedAnvilChunkStorage (kamina): All chunks are saved
[19:10:35] [Server thread/INFO]: Saving chunks for level 'ServerLevel[bampy]'/minecraft:bampy
[19:10:35] [Server thread/INFO]: ThreadedAnvilChunkStorage (bampy): All chunks are saved
[19:10:35] [Server thread/INFO]: Saving chunks for level 'ServerLevel[Dark]'/minecraft:dark
[19:10:35] [Server thread/INFO]: ThreadedAnvilChunkStorage (DIM1): All chunks are saved
[19:10:35] [Server thread/INFO]: ThreadedAnvilChunkStorage (world): All chunks are saved
[19:10:35] [Server thread/INFO]: ThreadedAnvilChunkStorage (DIM-1): All chunks are saved
[19:10:35] [Server thread/INFO]: ThreadedAnvilChunkStorage (DIM1): All chunks are saved
[19:10:35] [Server thread/INFO]: ThreadedAnvilChunkStorage (kamina): All chunks are saved
[19:10:35] [Server thread/INFO]: ThreadedAnvilChunkStorage (bampy): All chunks are saved
[19:10:35] [Server thread/INFO]: ThreadedAnvilChunkStorage (DIM1): All chunks are saved
